25-03-14 13:27:27.812 : 00_RFDN_baseline
25-03-14 13:29:53.328 : 00_RFDN_baseline
25-03-14 13:33:26.514 : 00_RFDN_baseline
25-03-14 13:36:10.587 : 00_RFDN_baseline
25-03-14 13:36:57.652 : 00_RFDN_baseline
25-03-14 13:38:08.458 : 00_RFDN_baseline
25-03-14 13:41:42.735 : 00_RFDN_baseline
25-03-14 13:41:43.375 : 0801.png - PSNR: 26.93 dB
25-03-14 13:41:43.898 : 0802.png - PSNR: 25.73 dB
25-03-14 13:41:44.459 : 0803.png - PSNR: 29.92 dB
25-03-14 13:41:44.920 : 0804.png - PSNR: 25.64 dB
25-03-14 13:41:45.465 : 0805.png - PSNR: 26.00 dB
25-03-14 13:41:45.965 : 0806.png - PSNR: 26.41 dB
25-03-14 13:41:46.385 : 0807.png - PSNR: 20.76 dB
25-03-14 13:41:46.849 : 0808.png - PSNR: 24.95 dB
25-03-14 13:41:47.332 : 0809.png - PSNR: 28.27 dB
25-03-14 13:41:47.878 : 0810.png - PSNR: 27.18 dB
25-03-14 13:41:48.379 : 0811.png - PSNR: 25.71 dB
25-03-14 13:41:48.928 : 0812.png - PSNR: 26.96 dB
25-03-14 13:41:49.456 : 0813.png - PSNR: 26.44 dB
25-03-14 13:41:49.945 : 0814.png - PSNR: 28.83 dB
25-03-14 13:41:50.429 : 0815.png - PSNR: 28.05 dB
25-03-14 13:41:50.916 : 0816.png - PSNR: 28.10 dB
25-03-14 13:41:51.445 : 0817.png - PSNR: 26.99 dB
25-03-14 13:41:52.006 : 0818.png - PSNR: 25.59 dB
25-03-14 13:41:52.515 : 0819.png - PSNR: 25.89 dB
25-03-14 13:41:53.011 : 0820.png - PSNR: 23.78 dB
25-03-14 13:41:53.505 : 0821.png - PSNR: 24.54 dB
25-03-14 13:41:56.241 : 0822.png - PSNR: 25.54 dB
25-03-14 13:41:56.759 : 0823.png - PSNR: 25.18 dB
25-03-14 13:41:57.248 : 0824.png - PSNR: 26.94 dB
25-03-14 13:41:57.748 : 0825.png - PSNR: 25.98 dB
25-03-14 13:41:58.338 : 0826.png - PSNR: 24.07 dB
25-03-14 13:41:58.909 : 0827.png - PSNR: 26.72 dB
25-03-14 13:41:59.426 : 0828.png - PSNR: 20.68 dB
25-03-14 13:41:59.955 : 0829.png - PSNR: 25.52 dB
25-03-14 13:42:00.324 : 0830.png - PSNR: 25.83 dB
25-03-14 13:42:00.824 : 0831.png - PSNR: 26.06 dB
25-03-14 13:42:01.373 : 0832.png - PSNR: 26.27 dB
25-03-14 13:42:02.102 : 0833.png - PSNR: 28.40 dB
25-03-14 13:42:02.634 : 0834.png - PSNR: 23.80 dB
25-03-14 13:42:04.072 : 0835.png - PSNR: 23.36 dB
25-03-14 13:42:04.744 : 0836.png - PSNR: 25.24 dB
25-03-14 13:42:05.331 : 0837.png - PSNR: 24.63 dB
25-03-14 13:42:05.853 : 0838.png - PSNR: 29.47 dB
25-03-14 13:42:06.368 : 0839.png - PSNR: 23.88 dB
25-03-14 13:42:06.904 : 0840.png - PSNR: 25.77 dB
25-03-14 13:42:07.441 : 0841.png - PSNR: 26.60 dB
25-03-14 13:42:07.999 : 0842.png - PSNR: 26.80 dB
25-03-14 13:42:08.533 : 0843.png - PSNR: 26.32 dB
25-03-14 13:42:09.068 : 0844.png - PSNR: 27.32 dB
25-03-14 13:42:09.625 : 0845.png - PSNR: 23.12 dB
25-03-14 13:42:10.214 : 0846.png - PSNR: 23.21 dB
25-03-14 13:42:10.762 : 0847.png - PSNR: 24.42 dB
25-03-14 13:42:11.359 : 0848.png - PSNR: 24.83 dB
25-03-14 13:42:11.917 : 0849.png - PSNR: 22.28 dB
25-03-14 13:42:12.500 : 0850.png - PSNR: 26.43 dB
25-03-14 13:42:13.031 : 0851.png - PSNR: 24.85 dB
25-03-14 13:42:13.485 : 0852.png - PSNR: 22.46 dB
25-03-14 13:42:13.982 : 0853.png - PSNR: 26.21 dB
25-03-14 13:42:14.415 : 0854.png - PSNR: 25.20 dB
25-03-14 13:42:17.150 : 0855.png - PSNR: 27.24 dB
25-03-14 13:42:17.771 : 0856.png - PSNR: 22.45 dB
25-03-14 13:42:18.340 : 0857.png - PSNR: 31.85 dB
25-03-14 13:42:18.859 : 0858.png - PSNR: 23.32 dB
25-03-14 13:42:19.420 : 0859.png - PSNR: 25.02 dB
25-03-14 13:42:20.004 : 0860.png - PSNR: 22.33 dB
25-03-14 13:42:20.567 : 0861.png - PSNR: 21.73 dB
25-03-14 13:42:21.116 : 0862.png - PSNR: 30.22 dB
25-03-14 13:42:21.676 : 0863.png - PSNR: 28.16 dB
25-03-14 13:42:22.214 : 0864.png - PSNR: 27.54 dB
25-03-14 13:42:22.805 : 0865.png - PSNR: 27.10 dB
25-03-14 13:42:23.366 : 0866.png - PSNR: 25.64 dB
25-03-14 13:42:23.918 : 0867.png - PSNR: 26.50 dB
25-03-14 13:42:24.416 : 0868.png - PSNR: 28.04 dB
25-03-14 13:42:24.958 : 0869.png - PSNR: 25.10 dB
25-03-14 13:42:25.692 : 0870.png - PSNR: 26.34 dB
25-03-14 13:42:26.252 : 0871.png - PSNR: 28.53 dB
25-03-14 13:42:27.284 : 0872.png - PSNR: 24.21 dB
25-03-14 13:42:27.891 : 0873.png - PSNR: 24.52 dB
25-03-14 13:42:28.449 : 0874.png - PSNR: 27.20 dB
25-03-14 13:42:29.087 : 0875.png - PSNR: 23.64 dB
25-03-14 13:42:29.699 : 0876.png - PSNR: 21.62 dB
25-03-14 13:42:30.284 : 0877.png - PSNR: 29.06 dB
25-03-14 13:42:31.680 : 0878.png - PSNR: 28.52 dB
25-03-14 13:42:33.029 : 0879.png - PSNR: 26.99 dB
25-03-14 13:42:33.594 : 0880.png - PSNR: 30.07 dB
25-03-14 13:42:34.077 : 0881.png - PSNR: 26.85 dB
25-03-14 13:42:34.588 : 0882.png - PSNR: 28.44 dB
25-03-14 13:42:35.088 : 0883.png - PSNR: 25.23 dB
25-03-14 13:42:35.621 : 0884.png - PSNR: 24.69 dB
25-03-14 13:42:36.149 : 0885.png - PSNR: 23.94 dB
25-03-14 13:42:36.664 : 0886.png - PSNR: 28.85 dB
25-03-14 13:42:37.187 : 0887.png - PSNR: 24.31 dB
25-03-14 13:42:37.733 : 0888.png - PSNR: 26.22 dB
25-03-14 13:42:38.279 : 0889.png - PSNR: 25.16 dB
25-03-14 13:42:38.817 : 0890.png - PSNR: 26.01 dB
25-03-14 13:42:39.986 : 0891.png - PSNR: 25.20 dB
25-03-14 13:42:40.515 : 0892.png - PSNR: 25.90 dB
25-03-14 13:42:41.042 : 0893.png - PSNR: 27.91 dB
25-03-14 13:42:41.577 : 0894.png - PSNR: 26.82 dB
25-03-14 13:42:42.063 : 0895.png - PSNR: 22.54 dB
25-03-14 13:42:42.587 : 0896.png - PSNR: 26.47 dB
25-03-14 13:42:43.120 : 0897.png - PSNR: 21.67 dB
25-03-14 13:42:43.644 : 0898.png - PSNR: 29.97 dB
25-03-14 13:42:44.164 : 0899.png - PSNR: 25.91 dB
25-03-14 13:42:44.651 : 0900.png - PSNR: 23.30 dB
25-03-14 13:42:44.747 :       Max Memery : 2544.929 [M]
25-03-14 13:42:44.747 : ------> Average runtime of (valid) is : 249.189410 seconds
25-03-14 13:42:44.920 :     #Activations : 21.1681 [M]
25-03-14 13:42:44.920 :          #Conv2d : 25
25-03-14 13:42:44.925 :            FLOPs : 13.9107 [G]
25-03-14 13:42:44.926 :          #Params : 4.6896 [M]
25-03-14 13:47:10.669 : 00_RFDN_baseline
25-03-14 13:47:11.541 : 0801.png - PSNR: 26.93 dB
25-03-14 13:47:12.056 : 0802.png - PSNR: 25.73 dB
25-03-14 13:47:12.601 : 0803.png - PSNR: 29.92 dB
25-03-14 13:47:13.051 : 0804.png - PSNR: 25.64 dB
25-03-14 13:47:13.602 : 0805.png - PSNR: 26.00 dB
25-03-14 13:47:14.084 : 0806.png - PSNR: 26.41 dB
25-03-14 13:47:14.510 : 0807.png - PSNR: 20.76 dB
25-03-14 13:47:14.986 : 0808.png - PSNR: 24.95 dB
25-03-14 13:47:15.481 : 0809.png - PSNR: 28.27 dB
25-03-14 13:47:16.027 : 0810.png - PSNR: 27.18 dB
25-03-14 13:47:16.521 : 0811.png - PSNR: 25.71 dB
25-03-14 13:47:17.053 : 0812.png - PSNR: 26.96 dB
25-03-14 13:47:17.594 : 0813.png - PSNR: 26.44 dB
25-03-14 13:47:18.069 : 0814.png - PSNR: 28.83 dB
25-03-14 13:47:18.549 : 0815.png - PSNR: 28.05 dB
25-03-14 13:47:19.036 : 0816.png - PSNR: 28.10 dB
25-03-14 13:47:19.572 : 0817.png - PSNR: 26.99 dB
25-03-14 13:47:20.127 : 0818.png - PSNR: 25.59 dB
25-03-14 13:47:20.626 : 0819.png - PSNR: 25.89 dB
25-03-14 13:47:21.116 : 0820.png - PSNR: 23.78 dB
25-03-14 13:47:21.616 : 0821.png - PSNR: 24.54 dB
25-03-14 13:47:22.222 : 0822.png - PSNR: 25.54 dB
25-03-14 13:47:22.709 : 0823.png - PSNR: 25.18 dB
25-03-14 13:47:23.180 : 0824.png - PSNR: 26.94 dB
25-03-14 13:47:23.662 : 0825.png - PSNR: 25.98 dB
25-03-14 13:47:24.226 : 0826.png - PSNR: 24.07 dB
25-03-14 13:47:24.802 : 0827.png - PSNR: 26.72 dB
25-03-14 13:47:25.315 : 0828.png - PSNR: 20.68 dB
25-03-14 13:47:25.804 : 0829.png - PSNR: 25.52 dB
25-03-14 13:47:26.165 : 0830.png - PSNR: 25.83 dB
25-03-14 13:47:26.626 : 0831.png - PSNR: 26.06 dB
25-03-14 13:47:27.119 : 0832.png - PSNR: 26.27 dB
25-03-14 13:47:27.768 : 0833.png - PSNR: 28.40 dB
25-03-14 13:47:28.268 : 0834.png - PSNR: 23.80 dB
25-03-14 13:47:29.698 : 0835.png - PSNR: 23.36 dB
25-03-14 13:47:30.266 : 0836.png - PSNR: 25.24 dB
25-03-14 13:47:30.806 : 0837.png - PSNR: 24.63 dB
25-03-14 13:47:31.290 : 0838.png - PSNR: 29.47 dB
25-03-14 13:47:31.793 : 0839.png - PSNR: 23.88 dB
25-03-14 13:47:32.282 : 0840.png - PSNR: 25.77 dB
25-03-14 13:47:32.779 : 0841.png - PSNR: 26.60 dB
25-03-14 13:47:33.318 : 0842.png - PSNR: 26.80 dB
25-03-14 13:47:33.855 : 0843.png - PSNR: 26.32 dB
25-03-14 13:47:34.416 : 0844.png - PSNR: 27.32 dB
25-03-14 13:47:34.992 : 0845.png - PSNR: 23.12 dB
25-03-14 13:47:35.514 : 0846.png - PSNR: 23.21 dB
25-03-14 13:47:36.088 : 0847.png - PSNR: 24.42 dB
25-03-14 13:47:36.724 : 0848.png - PSNR: 24.83 dB
25-03-14 13:47:37.331 : 0849.png - PSNR: 22.28 dB
25-03-14 13:47:37.955 : 0850.png - PSNR: 26.43 dB
25-03-14 13:47:38.518 : 0851.png - PSNR: 24.85 dB
25-03-14 13:47:39.011 : 0852.png - PSNR: 22.46 dB
25-03-14 13:47:39.597 : 0853.png - PSNR: 26.21 dB
25-03-14 13:47:40.067 : 0854.png - PSNR: 25.20 dB
25-03-14 13:47:42.776 : 0855.png - PSNR: 27.24 dB
25-03-14 13:47:43.454 : 0856.png - PSNR: 22.45 dB
25-03-14 13:47:44.074 : 0857.png - PSNR: 31.85 dB
25-03-14 13:47:44.654 : 0858.png - PSNR: 23.32 dB
25-03-14 13:47:45.226 : 0859.png - PSNR: 25.02 dB
25-03-14 13:47:45.877 : 0860.png - PSNR: 22.33 dB
25-03-14 13:47:46.424 : 0861.png - PSNR: 21.73 dB
25-03-14 13:47:46.978 : 0862.png - PSNR: 30.22 dB
25-03-14 13:47:47.562 : 0863.png - PSNR: 28.16 dB
25-03-14 13:47:48.140 : 0864.png - PSNR: 27.54 dB
25-03-14 13:47:48.758 : 0865.png - PSNR: 27.10 dB
25-03-14 13:47:49.322 : 0866.png - PSNR: 25.64 dB
25-03-14 13:47:49.858 : 0867.png - PSNR: 26.50 dB
25-03-14 13:47:50.409 : 0868.png - PSNR: 28.04 dB
25-03-14 13:47:50.945 : 0869.png - PSNR: 25.10 dB
25-03-14 13:47:51.636 : 0870.png - PSNR: 26.34 dB
25-03-14 13:47:52.186 : 0871.png - PSNR: 28.53 dB
25-03-14 13:47:52.743 : 0872.png - PSNR: 24.21 dB
25-03-14 13:47:53.306 : 0873.png - PSNR: 24.52 dB
25-03-14 13:47:53.834 : 0874.png - PSNR: 27.20 dB
25-03-14 13:47:54.493 : 0875.png - PSNR: 23.64 dB
25-03-14 13:47:55.103 : 0876.png - PSNR: 21.62 dB
25-03-14 13:47:55.608 : 0877.png - PSNR: 29.06 dB
25-03-14 13:47:56.871 : 0878.png - PSNR: 28.52 dB
25-03-14 13:47:58.303 : 0879.png - PSNR: 26.99 dB
25-03-14 13:47:58.880 : 0880.png - PSNR: 30.07 dB
25-03-14 13:47:59.380 : 0881.png - PSNR: 26.85 dB
25-03-14 13:47:59.905 : 0882.png - PSNR: 28.44 dB
25-03-14 13:48:00.488 : 0883.png - PSNR: 25.23 dB
25-03-14 13:48:01.082 : 0884.png - PSNR: 24.69 dB
25-03-14 13:48:01.795 : 0885.png - PSNR: 23.94 dB
25-03-14 13:48:02.627 : 0886.png - PSNR: 28.85 dB
25-03-14 13:48:03.363 : 0887.png - PSNR: 24.31 dB
25-03-14 13:48:04.072 : 0888.png - PSNR: 26.22 dB
25-03-14 13:48:04.752 : 0889.png - PSNR: 25.16 dB
25-03-14 13:48:05.466 : 0890.png - PSNR: 26.01 dB
25-03-14 13:48:06.988 : 0891.png - PSNR: 25.20 dB
25-03-14 13:48:07.638 : 0892.png - PSNR: 25.90 dB
25-03-14 13:48:08.212 : 0893.png - PSNR: 27.91 dB
25-03-14 13:48:08.776 : 0894.png - PSNR: 26.82 dB
25-03-14 13:48:09.318 : 0895.png - PSNR: 22.54 dB
25-03-14 13:48:09.893 : 0896.png - PSNR: 26.47 dB
25-03-14 13:48:10.475 : 0897.png - PSNR: 21.67 dB
25-03-14 13:48:11.034 : 0898.png - PSNR: 29.97 dB
25-03-14 13:48:11.604 : 0899.png - PSNR: 25.91 dB
25-03-14 13:48:12.171 : 0900.png - PSNR: 23.30 dB
25-03-14 13:48:12.271 :       Max Memery : 2544.929 [M]
25-03-14 13:48:12.271 : ------> Average runtime of (valid) is : 235.799059 seconds
25-03-14 13:48:12.456 :     #Activations : 21.1681 [M]
25-03-14 13:48:12.456 :          #Conv2d : 25
25-03-14 13:48:12.463 :            FLOPs : 13.9107 [G]
25-03-14 13:48:12.463 :          #Params : 4.6896 [M]
25-03-14 13:59:33.563 : YourModelName
25-03-14 13:59:35.275 : 0801.png - PSNR: 23.26 dB
25-03-14 13:59:36.361 : 0802.png - PSNR: 24.18 dB
25-03-14 13:59:37.570 : 0803.png - PSNR: 23.14 dB
25-03-14 13:59:38.616 : 0804.png - PSNR: 23.34 dB
25-03-14 13:59:39.863 : 0805.png - PSNR: 23.46 dB
25-03-14 13:59:40.955 : 0806.png - PSNR: 23.29 dB
25-03-14 13:59:41.862 : 0807.png - PSNR: 20.56 dB
25-03-14 13:59:42.909 : 0808.png - PSNR: 22.82 dB
25-03-14 13:59:43.975 : 0809.png - PSNR: 23.11 dB
25-03-14 13:59:45.188 : 0810.png - PSNR: 22.69 dB
25-03-14 13:59:46.269 : 0811.png - PSNR: 24.05 dB
25-03-14 13:59:47.509 : 0812.png - PSNR: 23.36 dB
25-03-14 13:59:48.737 : 0813.png - PSNR: 24.03 dB
25-03-14 13:59:49.819 : 0814.png - PSNR: 22.52 dB
25-03-14 13:59:50.882 : 0815.png - PSNR: 22.89 dB
25-03-14 13:59:51.973 : 0816.png - PSNR: 23.13 dB
25-03-14 13:59:53.214 : 0817.png - PSNR: 24.09 dB
25-03-14 13:59:54.498 : 0818.png - PSNR: 23.99 dB
25-03-14 13:59:55.641 : 0819.png - PSNR: 23.06 dB
25-03-14 13:59:56.714 : 0820.png - PSNR: 22.88 dB
25-03-14 13:59:57.802 : 0821.png - PSNR: 24.08 dB
25-03-14 13:59:59.115 : 0822.png - PSNR: 23.59 dB
25-03-14 14:00:00.198 : 0823.png - PSNR: 23.44 dB
25-03-14 14:00:01.267 : 0824.png - PSNR: 23.40 dB
25-03-14 14:00:02.360 : 0825.png - PSNR: 23.17 dB
25-03-14 14:00:03.625 : 0826.png - PSNR: 22.59 dB
25-03-14 14:00:04.927 : 0827.png - PSNR: 25.03 dB
25-03-14 14:00:06.043 : 0828.png - PSNR: 20.73 dB
25-03-14 14:00:07.134 : 0829.png - PSNR: 22.29 dB
25-03-14 14:00:07.875 : 0830.png - PSNR: 22.60 dB
25-03-14 14:00:08.905 : 0831.png - PSNR: 23.42 dB
25-03-14 14:00:09.990 : 0832.png - PSNR: 23.47 dB
25-03-14 14:00:11.242 : 0833.png - PSNR: 24.87 dB
25-03-14 14:00:12.330 : 0834.png - PSNR: 22.92 dB
25-03-14 14:00:13.725 : 0835.png - PSNR: 22.02 dB
25-03-14 14:00:14.993 : 0836.png - PSNR: 23.52 dB
25-03-14 14:00:16.100 : 0837.png - PSNR: 22.98 dB
25-03-14 14:00:17.177 : 0838.png - PSNR: 23.38 dB
25-03-14 14:00:18.250 : 0839.png - PSNR: 24.90 dB
25-03-14 14:00:19.353 : 0840.png - PSNR: 23.30 dB
25-03-14 14:00:20.459 : 0841.png - PSNR: 23.48 dB
25-03-14 14:00:21.551 : 0842.png - PSNR: 24.01 dB
25-03-14 14:00:22.629 : 0843.png - PSNR: 27.88 dB
25-03-14 14:00:23.752 : 0844.png - PSNR: 25.38 dB
25-03-14 14:00:24.862 : 0845.png - PSNR: 23.41 dB
25-03-14 14:00:25.973 : 0846.png - PSNR: 23.19 dB
25-03-14 14:00:27.079 : 0847.png - PSNR: 23.33 dB
25-03-14 14:00:28.339 : 0848.png - PSNR: 23.45 dB
25-03-14 14:00:29.470 : 0849.png - PSNR: 21.92 dB
25-03-14 14:00:30.590 : 0850.png - PSNR: 23.02 dB
25-03-14 14:00:31.698 : 0851.png - PSNR: 23.68 dB
25-03-14 14:00:32.647 : 0852.png - PSNR: 26.86 dB
25-03-14 14:00:33.739 : 0853.png - PSNR: 24.92 dB
25-03-14 14:00:34.671 : 0854.png - PSNR: 22.85 dB
25-03-14 14:00:36.258 : 0855.png - PSNR: 23.34 dB
25-03-14 14:00:37.401 : 0856.png - PSNR: 22.12 dB
25-03-14 14:00:38.644 : 0857.png - PSNR: 22.98 dB
25-03-14 14:00:39.761 : 0858.png - PSNR: 24.91 dB
25-03-14 14:00:40.867 : 0859.png - PSNR: 22.97 dB
25-03-14 14:00:42.120 : 0860.png - PSNR: 21.91 dB
25-03-14 14:00:43.259 : 0861.png - PSNR: 23.51 dB
25-03-14 14:00:44.376 : 0862.png - PSNR: 23.33 dB
25-03-14 14:00:45.614 : 0863.png - PSNR: 24.11 dB
25-03-14 14:00:46.738 : 0864.png - PSNR: 22.91 dB
25-03-14 14:00:48.005 : 0865.png - PSNR: 22.76 dB
25-03-14 14:00:49.136 : 0866.png - PSNR: 22.63 dB
25-03-14 14:00:50.242 : 0867.png - PSNR: 23.06 dB
25-03-14 14:00:51.334 : 0868.png - PSNR: 26.32 dB
25-03-14 14:00:52.455 : 0869.png - PSNR: 22.37 dB
25-03-14 14:00:53.777 : 0870.png - PSNR: 23.04 dB
25-03-14 14:00:54.896 : 0871.png - PSNR: 23.12 dB
25-03-14 14:00:56.007 : 0872.png - PSNR: 22.46 dB
25-03-14 14:00:57.120 : 0873.png - PSNR: 22.27 dB
25-03-14 14:00:58.239 : 0874.png - PSNR: 22.84 dB
25-03-14 14:00:59.556 : 0875.png - PSNR: 22.66 dB
25-03-14 14:01:00.722 : 0876.png - PSNR: 22.35 dB
25-03-14 14:01:01.688 : 0877.png - PSNR: 23.77 dB
25-03-14 14:01:03.169 : 0878.png - PSNR: 23.44 dB
25-03-14 14:01:04.821 : 0879.png - PSNR: 23.53 dB
25-03-14 14:01:05.970 : 0880.png - PSNR: 22.86 dB
25-03-14 14:01:07.053 : 0881.png - PSNR: 22.77 dB
25-03-14 14:01:08.160 : 0882.png - PSNR: 23.53 dB
25-03-14 14:01:09.295 : 0883.png - PSNR: 22.94 dB
25-03-14 14:01:10.427 : 0884.png - PSNR: 22.66 dB
25-03-14 14:01:11.566 : 0885.png - PSNR: 21.97 dB
25-03-14 14:01:12.683 : 0886.png - PSNR: 23.20 dB
25-03-14 14:01:13.795 : 0887.png - PSNR: 23.09 dB
25-03-14 14:01:14.922 : 0888.png - PSNR: 23.57 dB
25-03-14 14:01:16.051 : 0889.png - PSNR: 23.14 dB
25-03-14 14:01:17.176 : 0890.png - PSNR: 22.32 dB
25-03-14 14:01:18.664 : 0891.png - PSNR: 22.93 dB
25-03-14 14:01:19.814 : 0892.png - PSNR: 23.37 dB
25-03-14 14:01:20.939 : 0893.png - PSNR: 23.79 dB
25-03-14 14:01:22.074 : 0894.png - PSNR: 24.22 dB
25-03-14 14:01:23.197 : 0895.png - PSNR: 21.49 dB
25-03-14 14:01:24.359 : 0896.png - PSNR: 26.10 dB
25-03-14 14:01:25.519 : 0897.png - PSNR: 22.70 dB
25-03-14 14:01:26.672 : 0898.png - PSNR: 24.23 dB
25-03-14 14:01:27.802 : 0899.png - PSNR: 23.09 dB
25-03-14 14:01:28.768 : 0900.png - PSNR: 24.50 dB
25-03-14 14:01:28.874 :       Max Memery : 389.413 [M]
25-03-14 14:01:28.874 : ------> Average runtime of (valid) is : 795.317391 seconds
25-03-14 14:01:28.878 :     #Activations : 40.0425 [M]
25-03-14 14:01:28.878 :          #Conv2d : 23
25-03-14 14:01:28.895 :            FLOPs : 54.6502 [G]
25-03-14 14:01:28.895 :          #Params : 31.0319 [M]
